/*C3*/SET SCHEMA PUBLIC
DELETE FROM CREDITS_TABLE WHERE ID=5
INSERT INTO CREDITS_TABLE VALUES(5,10.0E0,100000,1)
COMMIT
INSERT INTO CLIENTS_TABLE VALUES(5,'prt@mail.ru','Vitaliy','Protov','564789','79185556678',1)
COMMIT
DELETE FROM CLIENTS_TABLE WHERE ID=5
INSERT INTO CLIENTS_TABLE VALUES(5,'prt@mail.ru','Vitaliy','Protov','564789','79185556678',4)
COMMIT
INSERT INTO CLIENTS_TABLE VALUES(6,'lh@gmail.com','Leslie','Holls','32','185296475',3)
COMMIT
/*C6*/SET SCHEMA PUBLIC
DISCONNECT
/*C10*/SET SCHEMA PUBLIC
DISCONNECT
/*C11*/SET SCHEMA PUBLIC
DISCONNECT
/*C9*/SET SCHEMA PUBLIC
DISCONNECT
/*C3*/DISCONNECT
/*C8*/SET SCHEMA PUBLIC
DISCONNECT
/*C12*/SET SCHEMA PUBLIC
DISCONNECT
/*C5*/SET SCHEMA PUBLIC
DISCONNECT
/*C4*/SET SCHEMA PUBLIC
DISCONNECT
/*C7*/SET SCHEMA PUBLIC
INSERT INTO CLIENTS_TABLE VALUES(7,'port@yandex.ru','\u0414\u043c\u0438\u0442\u0440\u0438\u0439','\u041f\u0435\u0442\u0440\u043e\u0432','316431','79865563265',NULL)
COMMIT
DISCONNECT
/*C13*/SET SCHEMA PUBLIC
DELETE FROM CLIENTS_TABLE WHERE ID=7
INSERT INTO CLIENTS_TABLE VALUES(7,'port@yandex.ru','\u0414\u043c\u0438\u0442\u0440\u0438\u0439','\u041f\u0435\u0442\u0440\u043e\u0432','316431','79865563265',6)
COMMIT
